<?xml version="1.0" encoding="UTF-8"?>
<testsuite xmlns:xsi="http://www.w3.org/2001/XMLSchema-instance" xsi:noNamespaceSchemaLocation="https://maven.apache.org/surefire/maven-surefire-plugin/xsd/surefire-test-report-3.0.xsd" version="3.0" name="pl.polsl.unittests.MatrixTest" time="0.072" tests="38" errors="0" skipped="0" failures="0">
  <properties>
    <property name="java.specification.version" value="17"/>
    <property name="sun.cpu.isalist" value="amd64"/>
    <property name="sun.jnu.encoding" value="Cp1250"/>
    <property name="java.class.path" value="C:\Users\Maciej\Desktop\Studia\JWiUM\Ćwiczenie 5\MatrixCalculatorWeb\target\test-classes;C:\Users\Maciej\Desktop\Studia\JWiUM\Ćwiczenie 5\MatrixCalculatorWeb\target\classes;C:\Users\Maciej\.m2\repository\jakarta\platform\jakarta.jakartaee-api\10.0.0\jakarta.jakartaee-api-10.0.0.jar;C:\Users\Maciej\.m2\repository\jakarta\platform\jakarta.jakartaee-web-api\10.0.0\jakarta.jakartaee-web-api-10.0.0.jar;C:\Users\Maciej\.m2\repository\jakarta\servlet\jakarta.servlet-api\6.0.0\jakarta.servlet-api-6.0.0.jar;C:\Users\Maciej\.m2\repository\jakarta\servlet\jsp\jakarta.servlet.jsp-api\3.1.0\jakarta.servlet.jsp-api-3.1.0.jar;C:\Users\Maciej\.m2\repository\jakarta\el\jakarta.el-api\5.0.1\jakarta.el-api-5.0.1.jar;C:\Users\Maciej\.m2\repository\jakarta\servlet\jsp\jstl\jakarta.servlet.jsp.jstl-api\3.0.0\jakarta.servlet.jsp.jstl-api-3.0.0.jar;C:\Users\Maciej\.m2\repository\jakarta\faces\jakarta.faces-api\4.0.1\jakarta.faces-api-4.0.1.jar;C:\Users\Maciej\.m2\repository\jakarta\ws\rs\jakarta.ws.rs-api\3.1.0\jakarta.ws.rs-api-3.1.0.jar;C:\Users\Maciej\.m2\repository\jakarta\websocket\jakarta.websocket-api\2.1.0\jakarta.websocket-api-2.1.0.jar;C:\Users\Maciej\.m2\repository\jakarta\websocket\jakarta.websocket-client-api\2.1.0\jakarta.websocket-client-api-2.1.0.jar;C:\Users\Maciej\.m2\repository\jakarta\json\jakarta.json-api\2.1.0\jakarta.json-api-2.1.0.jar;C:\Users\Maciej\.m2\repository\jakarta\json\bind\jakarta.json.bind-api\3.0.0\jakarta.json.bind-api-3.0.0.jar;C:\Users\Maciej\.m2\repository\jakarta\annotation\jakarta.annotation-api\2.1.1\jakarta.annotation-api-2.1.1.jar;C:\Users\Maciej\.m2\repository\jakarta\ejb\jakarta.ejb-api\4.0.1\jakarta.ejb-api-4.0.1.jar;C:\Users\Maciej\.m2\repository\jakarta\transaction\jakarta.transaction-api\2.0.1\jakarta.transaction-api-2.0.1.jar;C:\Users\Maciej\.m2\repository\jakarta\persistence\jakarta.persistence-api\3.1.0\jakarta.persistence-api-3.1.0.jar;C:\Users\Maciej\.m2\repository\jakarta\validation\jakarta.validation-api\3.0.2\jakarta.validation-api-3.0.2.jar;C:\Users\Maciej\.m2\repository\jakarta\interceptor\jakarta.interceptor-api\2.1.0\jakarta.interceptor-api-2.1.0.jar;C:\Users\Maciej\.m2\repository\jakarta\enterprise\jakarta.enterprise.cdi-api\4.0.1\jakarta.enterprise.cdi-api-4.0.1.jar;C:\Users\Maciej\.m2\repository\jakarta\enterprise\jakarta.enterprise.lang-model\4.0.1\jakarta.enterprise.lang-model-4.0.1.jar;C:\Users\Maciej\.m2\repository\jakarta\inject\jakarta.inject-api\2.0.1\jakarta.inject-api-2.0.1.jar;C:\Users\Maciej\.m2\repository\jakarta\authentication\jakarta.authentication-api\3.0.0\jakarta.authentication-api-3.0.0.jar;C:\Users\Maciej\.m2\repository\jakarta\security\enterprise\jakarta.security.enterprise-api\3.0.0\jakarta.security.enterprise-api-3.0.0.jar;C:\Users\Maciej\.m2\repository\jakarta\jms\jakarta.jms-api\3.1.0\jakarta.jms-api-3.1.0.jar;C:\Users\Maciej\.m2\repository\jakarta\activation\jakarta.activation-api\2.1.0\jakarta.activation-api-2.1.0.jar;C:\Users\Maciej\.m2\repository\jakarta\mail\jakarta.mail-api\2.1.0\jakarta.mail-api-2.1.0.jar;C:\Users\Maciej\.m2\repository\jakarta\resource\jakarta.resource-api\2.1.0\jakarta.resource-api-2.1.0.jar;C:\Users\Maciej\.m2\repository\jakarta\authorization\jakarta.authorization-api\2.1.0\jakarta.authorization-api-2.1.0.jar;C:\Users\Maciej\.m2\repository\jakarta\batch\jakarta.batch-api\2.1.1\jakarta.batch-api-2.1.1.jar;C:\Users\Maciej\.m2\repository\org\junit\jupiter\junit-jupiter-api\5.8.1\junit-jupiter-api-5.8.1.jar;C:\Users\Maciej\.m2\repository\org\opentest4j\opentest4j\1.2.0\opentest4j-1.2.0.jar;C:\Users\Maciej\.m2\repository\org\junit\platform\junit-platform-commons\1.8.1\junit-platform-commons-1.8.1.jar;C:\Users\Maciej\.m2\repository\org\apiguardian\apiguardian-api\1.1.2\apiguardian-api-1.1.2.jar;C:\Users\Maciej\.m2\repository\org\junit\jupiter\junit-jupiter-params\5.8.1\junit-jupiter-params-5.8.1.jar;C:\Users\Maciej\.m2\repository\org\apache\derbyclient\derby-client\10.14.2.0\derby-client-10.14.2.0.jar;"/>
    <property name="java.vm.vendor" value="Oracle Corporation"/>
    <property name="sun.arch.data.model" value="64"/>
    <property name="user.variant" value=""/>
    <property name="java.vendor.url" value="https://java.oracle.com/"/>
    <property name="user.timezone" value="Europe/Warsaw"/>
    <property name="os.name" value="Windows 10"/>
    <property name="java.vm.specification.version" value="17"/>
    <property name="user.country" value="PL"/>
    <property name="sun.java.launcher" value="SUN_STANDARD"/>
    <property name="sun.boot.library.path" value="C:\Program Files\Java\jdk-17\bin"/>
    <property name="sun.java.command" value="C:\Users\Maciej\AppData\Local\Temp\surefire16271276591357924700\surefirebooter-20240102110231872_3.jar C:\Users\Maciej\AppData\Local\Temp\surefire16271276591357924700 2024-01-02T11-02-31_629-jvmRun1 surefire-20240102110231872_1tmp surefire_0-20240102110231872_2tmp"/>
    <property name="jdk.debug" value="release"/>
    <property name="surefire.test.class.path" value="C:\Users\Maciej\Desktop\Studia\JWiUM\Ćwiczenie 5\MatrixCalculatorWeb\target\test-classes;C:\Users\Maciej\Desktop\Studia\JWiUM\Ćwiczenie 5\MatrixCalculatorWeb\target\classes;C:\Users\Maciej\.m2\repository\jakarta\platform\jakarta.jakartaee-api\10.0.0\jakarta.jakartaee-api-10.0.0.jar;C:\Users\Maciej\.m2\repository\jakarta\platform\jakarta.jakartaee-web-api\10.0.0\jakarta.jakartaee-web-api-10.0.0.jar;C:\Users\Maciej\.m2\repository\jakarta\servlet\jakarta.servlet-api\6.0.0\jakarta.servlet-api-6.0.0.jar;C:\Users\Maciej\.m2\repository\jakarta\servlet\jsp\jakarta.servlet.jsp-api\3.1.0\jakarta.servlet.jsp-api-3.1.0.jar;C:\Users\Maciej\.m2\repository\jakarta\el\jakarta.el-api\5.0.1\jakarta.el-api-5.0.1.jar;C:\Users\Maciej\.m2\repository\jakarta\servlet\jsp\jstl\jakarta.servlet.jsp.jstl-api\3.0.0\jakarta.servlet.jsp.jstl-api-3.0.0.jar;C:\Users\Maciej\.m2\repository\jakarta\faces\jakarta.faces-api\4.0.1\jakarta.faces-api-4.0.1.jar;C:\Users\Maciej\.m2\repository\jakarta\ws\rs\jakarta.ws.rs-api\3.1.0\jakarta.ws.rs-api-3.1.0.jar;C:\Users\Maciej\.m2\repository\jakarta\websocket\jakarta.websocket-api\2.1.0\jakarta.websocket-api-2.1.0.jar;C:\Users\Maciej\.m2\repository\jakarta\websocket\jakarta.websocket-client-api\2.1.0\jakarta.websocket-client-api-2.1.0.jar;C:\Users\Maciej\.m2\repository\jakarta\json\jakarta.json-api\2.1.0\jakarta.json-api-2.1.0.jar;C:\Users\Maciej\.m2\repository\jakarta\json\bind\jakarta.json.bind-api\3.0.0\jakarta.json.bind-api-3.0.0.jar;C:\Users\Maciej\.m2\repository\jakarta\annotation\jakarta.annotation-api\2.1.1\jakarta.annotation-api-2.1.1.jar;C:\Users\Maciej\.m2\repository\jakarta\ejb\jakarta.ejb-api\4.0.1\jakarta.ejb-api-4.0.1.jar;C:\Users\Maciej\.m2\repository\jakarta\transaction\jakarta.transaction-api\2.0.1\jakarta.transaction-api-2.0.1.jar;C:\Users\Maciej\.m2\repository\jakarta\persistence\jakarta.persistence-api\3.1.0\jakarta.persistence-api-3.1.0.jar;C:\Users\Maciej\.m2\repository\jakarta\validation\jakarta.validation-api\3.0.2\jakarta.validation-api-3.0.2.jar;C:\Users\Maciej\.m2\repository\jakarta\interceptor\jakarta.interceptor-api\2.1.0\jakarta.interceptor-api-2.1.0.jar;C:\Users\Maciej\.m2\repository\jakarta\enterprise\jakarta.enterprise.cdi-api\4.0.1\jakarta.enterprise.cdi-api-4.0.1.jar;C:\Users\Maciej\.m2\repository\jakarta\enterprise\jakarta.enterprise.lang-model\4.0.1\jakarta.enterprise.lang-model-4.0.1.jar;C:\Users\Maciej\.m2\repository\jakarta\inject\jakarta.inject-api\2.0.1\jakarta.inject-api-2.0.1.jar;C:\Users\Maciej\.m2\repository\jakarta\authentication\jakarta.authentication-api\3.0.0\jakarta.authentication-api-3.0.0.jar;C:\Users\Maciej\.m2\repository\jakarta\security\enterprise\jakarta.security.enterprise-api\3.0.0\jakarta.security.enterprise-api-3.0.0.jar;C:\Users\Maciej\.m2\repository\jakarta\jms\jakarta.jms-api\3.1.0\jakarta.jms-api-3.1.0.jar;C:\Users\Maciej\.m2\repository\jakarta\activation\jakarta.activation-api\2.1.0\jakarta.activation-api-2.1.0.jar;C:\Users\Maciej\.m2\repository\jakarta\mail\jakarta.mail-api\2.1.0\jakarta.mail-api-2.1.0.jar;C:\Users\Maciej\.m2\repository\jakarta\resource\jakarta.resource-api\2.1.0\jakarta.resource-api-2.1.0.jar;C:\Users\Maciej\.m2\repository\jakarta\authorization\jakarta.authorization-api\2.1.0\jakarta.authorization-api-2.1.0.jar;C:\Users\Maciej\.m2\repository\jakarta\batch\jakarta.batch-api\2.1.1\jakarta.batch-api-2.1.1.jar;C:\Users\Maciej\.m2\repository\org\junit\jupiter\junit-jupiter-api\5.8.1\junit-jupiter-api-5.8.1.jar;C:\Users\Maciej\.m2\repository\org\opentest4j\opentest4j\1.2.0\opentest4j-1.2.0.jar;C:\Users\Maciej\.m2\repository\org\junit\platform\junit-platform-commons\1.8.1\junit-platform-commons-1.8.1.jar;C:\Users\Maciej\.m2\repository\org\apiguardian\apiguardian-api\1.1.2\apiguardian-api-1.1.2.jar;C:\Users\Maciej\.m2\repository\org\junit\jupiter\junit-jupiter-params\5.8.1\junit-jupiter-params-5.8.1.jar;C:\Users\Maciej\.m2\repository\org\apache\derbyclient\derby-client\10.14.2.0\derby-client-10.14.2.0.jar;"/>
    <property name="sun.cpu.endian" value="little"/>
    <property name="user.home" value="C:\Users\Maciej"/>
    <property name="user.language" value="pl"/>
    <property name="java.specification.vendor" value="Oracle Corporation"/>
    <property name="java.version.date" value="2023-07-18"/>
    <property name="java.home" value="C:\Program Files\Java\jdk-17"/>
    <property name="file.separator" value="\"/>
    <property name="basedir" value="C:\Users\Maciej\Desktop\Studia\JWiUM\Ćwiczenie 5\MatrixCalculatorWeb"/>
    <property name="java.vm.compressedOopsMode" value="Zero based"/>
    <property name="line.separator" value="&#10;"/>
    <property name="java.vm.specification.vendor" value="Oracle Corporation"/>
    <property name="java.specification.name" value="Java Platform API Specification"/>
    <property name="surefire.real.class.path" value="C:\Users\Maciej\AppData\Local\Temp\surefire16271276591357924700\surefirebooter-20240102110231872_3.jar"/>
    <property name="user.script" value=""/>
    <property name="sun.management.compiler" value="HotSpot 64-Bit Tiered Compilers"/>
    <property name="java.runtime.version" value="17.0.8+9-LTS-211"/>
    <property name="user.name" value="Maciej"/>
    <property name="path.separator" value=";"/>
    <property name="os.version" value="10.0"/>
    <property name="java.runtime.name" value="Java(TM) SE Runtime Environment"/>
    <property name="file.encoding" value="UTF-8"/>
    <property name="java.vm.name" value="Java HotSpot(TM) 64-Bit Server VM"/>
    <property name="maven.ext.class.path" value="C:\Program Files\NetBeans-18\netbeans\java\maven-nblib\netbeans-eventspy.jar"/>
    <property name="localRepository" value="C:\Users\Maciej\.m2\repository"/>
    <property name="java.vendor.url.bug" value="https://bugreport.java.com/bugreport/"/>
    <property name="java.io.tmpdir" value="C:\Users\Maciej\AppData\Local\Temp\"/>
    <property name="java.version" value="17.0.8"/>
    <property name="user.dir" value="C:\Users\Maciej\Desktop\Studia\JWiUM\Ćwiczenie 5\MatrixCalculatorWeb"/>
    <property name="os.arch" value="amd64"/>
    <property name="java.vm.specification.name" value="Java Virtual Machine Specification"/>
    <property name="sun.os.patch.level" value=""/>
    <property name="native.encoding" value="Cp1250"/>
    <property name="java.library.path" value="C:\Program Files\Java\jdk-17\bin;C:\Windows\Sun\Java\bin;C:\Windows\system32;C:\Windows;C:\Program Files\Common Files\Oracle\Java\javapath;C:\Windows\system32;C:\Windows;C:\Windows\System32\Wbem;C:\Windows\System32\WindowsPowerShell\v1.0\;C:\Windows\System32\OpenSSH\;C:\Program Files (x86)\NVIDIA Corporation\PhysX\Common;C:\Program Files\NVIDIA Corporation\NVIDIA NvDLISR;C:\Program Files\Git\cmd;C:\Program Files\dotnet\;C:\Users\Maciej\AppData\Local\Microsoft\WindowsApps;C:\Users\Maciej\.dotnet\tools;C:\Program Files (x86)\Nmap;."/>
    <property name="java.vm.info" value="mixed mode, sharing"/>
    <property name="java.vendor" value="Oracle Corporation"/>
    <property name="java.vm.version" value="17.0.8+9-LTS-211"/>
    <property name="sun.io.unicode.encoding" value="UnicodeLittle"/>
    <property name="java.class.version" value="61.0"/>
  </properties>
  <testcase name="parameterizedTestDoubleGetMatrixValueException(int, int, int, int)[1]" classname="pl.polsl.unittests.MatrixTest" time="0"/>
  <testcase name="parameterizedTestDoubleGetMatrixValueException(int, int, int, int)[2]" classname="pl.polsl.unittests.MatrixTest" time="0"/>
  <testcase name="parameterizedTestDoubleGetMatrixValueException(int, int, int, int)[3]" classname="pl.polsl.unittests.MatrixTest" time="0"/>
  <testcase name="parameterizedTestDoubleGetMatrixValueException(int, int, int, int)[4]" classname="pl.polsl.unittests.MatrixTest" time="0"/>
  <testcase name="parameterizedTestDoubleGetMatrixValueException(int, int, int, int)[5]" classname="pl.polsl.unittests.MatrixTest" time="0"/>
  <testcase name="parameterizedTestDoubleGetMatrixValueException(int, int, int, int)[6]" classname="pl.polsl.unittests.MatrixTest" time="0"/>
  <testcase name="parameterizedTestIntChangeMatrixValueException(int, int, int, int, Integer)[1]" classname="pl.polsl.unittests.MatrixTest" time="0"/>
  <testcase name="parameterizedTestIntChangeMatrixValueException(int, int, int, int, Integer)[2]" classname="pl.polsl.unittests.MatrixTest" time="0"/>
  <testcase name="parameterizedTestIntChangeMatrixValueException(int, int, int, int, Integer)[3]" classname="pl.polsl.unittests.MatrixTest" time="0.004"/>
  <testcase name="parameterizedTestIntChangeMatrixValueException(int, int, int, int, Integer)[4]" classname="pl.polsl.unittests.MatrixTest" time="0"/>
  <testcase name="parameterizedTestIntChangeMatrixValueException(int, int, int, int, Integer)[5]" classname="pl.polsl.unittests.MatrixTest" time="0.004"/>
  <testcase name="parameterizedTestIntChangeMatrixValueException(int, int, int, int, Integer)[6]" classname="pl.polsl.unittests.MatrixTest" time="0"/>
  <testcase name="parameterizedTestIntChangeMatrixValueException(int, int, int, int, Integer)[7]" classname="pl.polsl.unittests.MatrixTest" time="0.004"/>
  <testcase name="parameterizedTestIntGetMatrixValueException(int, int, int, int)[1]" classname="pl.polsl.unittests.MatrixTest" time="0"/>
  <testcase name="parameterizedTestIntGetMatrixValueException(int, int, int, int)[2]" classname="pl.polsl.unittests.MatrixTest" time="0.004"/>
  <testcase name="parameterizedTestIntGetMatrixValueException(int, int, int, int)[3]" classname="pl.polsl.unittests.MatrixTest" time="0"/>
  <testcase name="parameterizedTestIntGetMatrixValueException(int, int, int, int)[4]" classname="pl.polsl.unittests.MatrixTest" time="0.004"/>
  <testcase name="parameterizedTestIntGetMatrixValueException(int, int, int, int)[5]" classname="pl.polsl.unittests.MatrixTest" time="0"/>
  <testcase name="parameterizedTestIntGetMatrixValueException(int, int, int, int)[6]" classname="pl.polsl.unittests.MatrixTest" time="0"/>
  <testcase name="parameterizedTestDoubleGetMatrixValue(Matrix, int, int, Double)[1]" classname="pl.polsl.unittests.MatrixTest" time="0"/>
  <testcase name="parameterizedTestDoubleGetMatrixValue(Matrix, int, int, Double)[2]" classname="pl.polsl.unittests.MatrixTest" time="0"/>
  <testcase name="parameterizedTestDoubleGetMatrixValue(Matrix, int, int, Double)[3]" classname="pl.polsl.unittests.MatrixTest" time="0"/>
  <testcase name="parameterizedTestIntChangeMatrixValue(Matrix, int, int, Integer, Integer)[1]" classname="pl.polsl.unittests.MatrixTest" time="0"/>
  <testcase name="parameterizedTestIntChangeMatrixValue(Matrix, int, int, Integer, Integer)[2]" classname="pl.polsl.unittests.MatrixTest" time="0"/>
  <testcase name="parameterizedTestIntChangeMatrixValue(Matrix, int, int, Integer, Integer)[3]" classname="pl.polsl.unittests.MatrixTest" time="0"/>
  <testcase name="parameterizedTestIntGetMatrixValue(Matrix, int, int, Integer)[1]" classname="pl.polsl.unittests.MatrixTest" time="0"/>
  <testcase name="parameterizedTestIntGetMatrixValue(Matrix, int, int, Integer)[2]" classname="pl.polsl.unittests.MatrixTest" time="0"/>
  <testcase name="parameterizedTestIntGetMatrixValue(Matrix, int, int, Integer)[3]" classname="pl.polsl.unittests.MatrixTest" time="0"/>
  <testcase name="parameterizedTestDoubleChangeMatrixValueException(int, int, int, int, Double)[1]" classname="pl.polsl.unittests.MatrixTest" time="0.004"/>
  <testcase name="parameterizedTestDoubleChangeMatrixValueException(int, int, int, int, Double)[2]" classname="pl.polsl.unittests.MatrixTest" time="0"/>
  <testcase name="parameterizedTestDoubleChangeMatrixValueException(int, int, int, int, Double)[3]" classname="pl.polsl.unittests.MatrixTest" time="0"/>
  <testcase name="parameterizedTestDoubleChangeMatrixValueException(int, int, int, int, Double)[4]" classname="pl.polsl.unittests.MatrixTest" time="0"/>
  <testcase name="parameterizedTestDoubleChangeMatrixValueException(int, int, int, int, Double)[5]" classname="pl.polsl.unittests.MatrixTest" time="0"/>
  <testcase name="parameterizedTestDoubleChangeMatrixValueException(int, int, int, int, Double)[6]" classname="pl.polsl.unittests.MatrixTest" time="0"/>
  <testcase name="parameterizedTestDoubleChangeMatrixValueException(int, int, int, int, Double)[7]" classname="pl.polsl.unittests.MatrixTest" time="0"/>
  <testcase name="parameterizedTestDoubleChangeMatrixValue(Matrix, int, int, Double, Double)[1]" classname="pl.polsl.unittests.MatrixTest" time="0"/>
  <testcase name="parameterizedTestDoubleChangeMatrixValue(Matrix, int, int, Double, Double)[2]" classname="pl.polsl.unittests.MatrixTest" time="0"/>
  <testcase name="parameterizedTestDoubleChangeMatrixValue(Matrix, int, int, Double, Double)[3]" classname="pl.polsl.unittests.MatrixTest" time="0"/>
</testsuite>